# JRE version: OpenJDK Runtime Environment (7.0_79-b14) (build 1.7.0_79-b14)
# Java VM: OpenJDK Client VM (24.79-b02 mixed mode, sharing linux-x86 )
Heap
 def new generation   total 4928K, used 788K [0x6e800000, 0x6ed50000, 0x792a0000)
  eden space 4416K,  17% used [0x6e800000, 0x6e8bc0f8, 0x6ec50000)
  from space 512K,   7% used [0x6ec50000, 0x6ec59110, 0x6ecd0000)
  to   space 512K,   0% used [0x6ecd0000, 0x6ecd0000, 0x6ed50000)
 tenured generation   total 10944K, used 1851K [0x792a0000, 0x79d50000, 0x8e800000)
   the space 10944K,  16% used [0x792a0000, 0x7946ec58, 0x7946ee00, 0x79d50000)
 compacting perm gen  total 12288K, used 1045K [0x8e800000, 0x8f400000, 0x92800000)
   the space 12288K,   8% used [0x8e800000, 0x8e905718, 0x8e905800, 0x8f400000)
    ro space 10240K,  58% used [0x92800000, 0x92de1330, 0x92de1400, 0x93200000)
    rw space 12288K,  59% used [0x93200000, 0x93916340, 0x93916400, 0x93e00000)
GC Heap History (10 events):
Event: 5.730 GC heap before
{Heap before GC invocations=1 (full 0):
 def new generation   total 4928K, used 4928K [0x6e800000, 0x6ed50000, 0x792a0000)
  eden space 4416K, 100% used [0x6e800000, 0x6ec50000, 0x6ec50000)
  from space 512K, 100% used [0x6ecd0000, 0x6ed50000, 0x6ed50000)
  to   space 512K,   0% used [0x6ec50000, 0x6ec50000, 0x6ecd0000)
 tenured generation   total 10944K, used 612K [0x792a0000, 0x79d50000, 0x8e800000)
   the space 10944K,   5% used [0x792a0000, 0x793392a8, 0x79339400, 0x79d50000)
 compacting perm gen  total 12288K, used 1032K [0x8e800000, 0x8f400000, 0x92800000)
   the space 12288K,   8% used [0x8e800000, 0x8e902050, 0x8e902200, 0x8f400000)
    ro space 10240K,  58% used [0x92800000, 0x92de1330, 0x92de1400, 0x93200000)
    rw space 12288K,  59% used [0x93200000, 0x93916340, 0x93916400, 0x93e00000)
Event: 5.738 GC heap after
Heap after GC invocations=2 (full 0):
 def new generation   total 4928K, used 394K [0x6e800000, 0x6ed50000, 0x792a0000)
  eden space 4416K,   0% used [0x6e800000, 0x6e800000, 0x6ec50000)
  from space 512K,  77% used [0x6ec50000, 0x6ecb29f0, 0x6ecd0000)
  to   space 512K,   0% used [0x6ecd0000, 0x6ecd0000, 0x6ed50000)
 tenured generation   total 10944K, used 1472K [0x792a0000, 0x79d50000, 0x8e800000)
   the space 10944K,  13% used [0x792a0000, 0x794101f8, 0x79410200, 0x79d50000)
 compacting perm gen  total 12288K, used 1032K [0x8e800000, 0x8f400000, 0x92800000)
   the space 12288K,   8% used [0x8e800000, 0x8e902050, 0x8e902200, 0x8f400000)
    ro space 10240K,  58% used [0x92800000, 0x92de1330, 0x92de1400, 0x93200000)
    rw space 12288K,  59% used [0x93200000, 0x93916340, 0x93916400, 0x93e00000)
}
Event: 687.031 GC heap before
{Heap before GC invocations=2 (full 0):
 def new generation   total 4928K, used 4809K [0x6e800000, 0x6ed50000, 0x792a0000)
  eden space 4416K,  99% used [0x6e800000, 0x6ec4fd68, 0x6ec50000)
  from space 512K,  77% used [0x6ec50000, 0x6ecb29f0, 0x6ecd0000)
  to   space 512K,   0% used [0x6ecd0000, 0x6ecd0000, 0x6ed50000)
 tenured generation   total 10944K, used 1472K [0x792a0000, 0x79d50000, 0x8e800000)
   the space 10944K,  13% used [0x792a0000, 0x794101f8, 0x79410200, 0x79d50000)
 compacting perm gen  total 12288K, used 1032K [0x8e800000, 0x8f400000, 0x92800000)
   the space 12288K,   8% used [0x8e800000, 0x8e9022e0, 0x8e902400, 0x8f400000)
    ro space 10240K,  58% used [0x92800000, 0x92de1330, 0x92de1400, 0x93200000)
    rw space 12288K,  59% used [0x93200000, 0x93916340, 0x93916400, 0x93e00000)
Event: 687.035 GC heap after
Heap after GC invocations=3 (full 0):
 def new generation   total 4928K, used 99K [0x6e800000, 0x6ed50000, 0x792a0000)
  eden space 4416K,   0% used [0x6e800000, 0x6e800000, 0x6ec50000)
  from space 512K,  19% used [0x6ecd0000, 0x6ece8f50, 0x6ed50000)
  to   space 512K,   0% used [0x6ec50000, 0x6ec50000, 0x6ecd0000)
 tenured generation   total 10944K, used 1851K [0x792a0000, 0x79d50000, 0x8e800000)
   the space 10944K,  16% used [0x792a0000, 0x7946ec58, 0x7946ee00, 0x79d50000)
 compacting perm gen  total 12288K, used 1032K [0x8e800000, 0x8f400000, 0x92800000)
   the space 12288K,   8% used [0x8e800000, 0x8e9022e0, 0x8e902400, 0x8f400000)
    ro space 10240K,  58% used [0x92800000, 0x92de1330, 0x92de1400, 0x93200000)
    rw space 12288K,  59% used [0x93200000, 0x93916340, 0x93916400, 0x93e00000)
}
Event: 1952.396 GC heap before
{Heap before GC invocations=3 (full 0):
 def new generation   total 4928K, used 4515K [0x6e800000, 0x6ed50000, 0x792a0000)
  eden space 4416K, 100% used [0x6e800000, 0x6ec50000, 0x6ec50000)
  from space 512K,  19% used [0x6ecd0000, 0x6ece8f50, 0x6ed50000)
  to   space 512K,   0% used [0x6ec50000, 0x6ec50000, 0x6ecd0000)
 tenured generation   total 10944K, used 1851K [0x792a0000, 0x79d50000, 0x8e800000)
   the space 10944K,  16% used [0x792a0000, 0x7946ec58, 0x7946ee00, 0x79d50000)
 compacting perm gen  total 12288K, used 1032K [0x8e800000, 0x8f400000, 0x92800000)
   the space 12288K,   8% used [0x8e800000, 0x8e9022e0, 0x8e902400, 0x8f400000)
    ro space 10240K,  58% used [0x92800000, 0x92de1330, 0x92de1400, 0x93200000)
    rw space 12288K,  59% used [0x93200000, 0x93916340, 0x93916400, 0x93e00000)
Event: 1952.397 GC heap after
Heap after GC invocations=4 (full 0):
 def new generation   total 4928K, used 36K [0x6e800000, 0x6ed50000, 0x792a0000)
  eden space 4416K,   0% used [0x6e800000, 0x6e800000, 0x6ec50000)
  from space 512K,   7% used [0x6ec50000, 0x6ec593f0, 0x6ecd0000)
  to   space 512K,   0% used [0x6ecd0000, 0x6ecd0000, 0x6ed50000)
 tenured generation   total 10944K, used 1851K [0x792a0000, 0x79d50000, 0x8e800000)
   the space 10944K,  16% used [0x792a0000, 0x7946ec58, 0x7946ee00, 0x79d50000)
 compacting perm gen  total 12288K, used 1032K [0x8e800000, 0x8f400000, 0x92800000)
   the space 12288K,   8% used [0x8e800000, 0x8e9022e0, 0x8e902400, 0x8f400000)
    ro space 10240K,  58% used [0x92800000, 0x92de1330, 0x92de1400, 0x93200000)
    rw space 12288K,  59% used [0x93200000, 0x93916340, 0x93916400, 0x93e00000)
}
Event: 3227.766 GC heap before
{Heap before GC invocations=4 (full 0):
 def new generation   total 4928K, used 4452K [0x6e800000, 0x6ed50000, 0x792a0000)
  eden space 4416K, 100% used [0x6e800000, 0x6ec50000, 0x6ec50000)
  from space 512K,   7% used [0x6ec50000, 0x6ec593f0, 0x6ecd0000)
  to   space 512K,   0% used [0x6ecd0000, 0x6ecd0000, 0x6ed50000)
 tenured generation   total 10944K, used 1851K [0x792a0000, 0x79d50000, 0x8e800000)
   the space 10944K,  16% used [0x792a0000, 0x7946ec58, 0x7946ee00, 0x79d50000)
 compacting perm gen  total 12288K, used 1045K [0x8e800000, 0x8f400000, 0x92800000)
   the space 12288K,   8% used [0x8e800000, 0x8e905718, 0x8e905800, 0x8f400000)
    ro space 10240K,  58% used [0x92800000, 0x92de1330, 0x92de1400, 0x93200000)
    rw space 12288K,  59% used [0x93200000, 0x93916340, 0x93916400, 0x93e00000)
Event: 3227.766 GC heap after
Heap after GC invocations=5 (full 0):
 def new generation   total 4928K, used 36K [0x6e800000, 0x6ed50000, 0x792a0000)
  eden space 4416K,   0% used [0x6e800000, 0x6e800000, 0x6ec50000)
  from space 512K,   7% used [0x6ecd0000, 0x6ecd9300, 0x6ed50000)
  to   space 512K,   0% used [0x6ec50000, 0x6ec50000, 0x6ecd0000)
 tenured generation   total 10944K, used 1851K [0x792a0000, 0x79d50000, 0x8e800000)
   the space 10944K,  16% used [0x792a0000, 0x7946ec58, 0x7946ee00, 0x79d50000)
 compacting perm gen  total 12288K, used 1045K [0x8e800000, 0x8f400000, 0x92800000)
   the space 12288K,   8% used [0x8e800000, 0x8e905718, 0x8e905800, 0x8f400000)
    ro space 10240K,  58% used [0x92800000, 0x92de1330, 0x92de1400, 0x93200000)
    rw space 12288K,  59% used [0x93200000, 0x93916340, 0x93916400, 0x93e00000)
}
Event: 4525.077 GC heap before
{Heap before GC invocations=5 (full 0):
 def new generation   total 4928K, used 4452K [0x6e800000, 0x6ed50000, 0x792a0000)
  eden space 4416K, 100% used [0x6e800000, 0x6ec50000, 0x6ec50000)
  from space 512K,   7% used [0x6ecd0000, 0x6ecd9300, 0x6ed50000)
  to   space 512K,   0% used [0x6ec50000, 0x6ec50000, 0x6ecd0000)
 tenured generation   total 10944K, used 1851K [0x792a0000, 0x79d50000, 0x8e800000)
   the space 10944K,  16% used [0x792a0000, 0x7946ec58, 0x7946ee00, 0x79d50000)
 compacting perm gen  total 12288K, used 1045K [0x8e800000, 0x8f400000, 0x92800000)
   the space 12288K,   8% used [0x8e800000, 0x8e905718, 0x8e905800, 0x8f400000)
    ro space 10240K,  58% used [0x92800000, 0x92de1330, 0x92de1400, 0x93200000)
    rw space 12288K,  59% used [0x93200000, 0x93916340, 0x93916400, 0x93e00000)
Event: 4525.078 GC heap after
Heap after GC invocations=6 (full 0):
 def new generation   total 4928K, used 36K [0x6e800000, 0x6ed50000, 0x792a0000)
  eden space 4416K,   0% used [0x6e800000, 0x6e800000, 0x6ec50000)
  from space 512K,   7% used [0x6ec50000, 0x6ec59110, 0x6ecd0000)
  to   space 512K,   0% used [0x6ecd0000, 0x6ecd0000, 0x6ed50000)
 tenured generation   total 10944K, used 1851K [0x792a0000, 0x79d50000, 0x8e800000)
   the space 10944K,  16% used [0x792a0000, 0x7946ec58, 0x7946ee00, 0x79d50000)
 compacting perm gen  total 12288K, used 1045K [0x8e800000, 0x8f400000, 0x92800000)
   the space 12288K,   8% used [0x8e800000, 0x8e905718, 0x8e905800, 0x8f400000)
    ro space 10240K,  58% used [0x92800000, 0x92de1330, 0x92de1400, 0x93200000)
    rw space 12288K,  59% used [0x93200000, 0x93916340, 0x93916400, 0x93e00000)
}

